<?xml version="1.0" encoding="UTF-8"?>
<testng-results skipped="0" failed="0" ignored="0" total="2" passed="2">
  <reporter-output>
  </reporter-output>
  <suite name="Suite Smoke" duration-ms="40214" started-at="2020-03-31T14:16:54 EDT" finished-at="2020-03-31T14:17:34 EDT">
    <groups>
    </groups>
    <test name="1" duration-ms="24936" started-at="2020-03-31T14:16:54 EDT" finished-at="2020-03-31T14:17:19 EDT">
      <class name="neonTests.Test_1001">
        <test-method status="PASS" signature="setUp()[pri:0, instance:neonTests.Test_1001@aec50a1]" name="setUp" is-config="true" duration-ms="5167" started-at="2020-03-31T14:16:54 EDT" finished-at="2020-03-31T14:16:59 EDT">
          <reporter-output>
          </reporter-output>
        </test-method> <!-- setUp -->
        <test-method status="PASS" signature="googleSearch()[pri:0, instance:neonTests.Test_1001@aec50a1]" name="googleSearch" duration-ms="19494" started-at="2020-03-31T14:16:59 EDT" finished-at="2020-03-31T14:17:19 EDT">
          <reporter-output>
          </reporter-output>
        </test-method> <!-- googleSearch -->
        <test-method status="PASS" signature="tearDown()[pri:0, instance:neonTests.Test_1001@aec50a1]" name="tearDown" is-config="true" duration-ms="191" started-at="2020-03-31T14:17:19 EDT" finished-at="2020-03-31T14:17:19 EDT">
          <reporter-output>
          </reporter-output>
        </test-method> <!-- tearDown -->
      </class> <!-- neonTests.Test_1001 -->
    </test> <!-- 1 -->
    <test name="2" duration-ms="40214" started-at="2020-03-31T14:16:54 EDT" finished-at="2020-03-31T14:17:34 EDT">
      <class name="neonTests.Test_1002">
        <test-method status="PASS" signature="setUp()[pri:0, instance:neonTests.Test_1002@5ea502e0]" name="setUp" is-config="true" duration-ms="4812" started-at="2020-03-31T14:16:54 EDT" finished-at="2020-03-31T14:16:59 EDT">
          <reporter-output>
          </reporter-output>
        </test-method> <!-- setUp -->
        <test-method status="PASS" signature="validateOpenUrl()[pri:0, instance:neonTests.Test_1002@5ea502e0]" name="validateOpenUrl" duration-ms="35203" started-at="2020-03-31T14:16:59 EDT" finished-at="2020-03-31T14:17:34 EDT">
          <reporter-output>
          </reporter-output>
        </test-method> <!-- validateOpenUrl -->
        <test-method status="PASS" signature="tearDown()[pri:0, instance:neonTests.Test_1002@5ea502e0]" name="tearDown" is-config="true" duration-ms="190" started-at="2020-03-31T14:17:34 EDT" finished-at="2020-03-31T14:17:34 EDT">
          <reporter-output>
          </reporter-output>
        </test-method> <!-- tearDown -->
      </class> <!-- neonTests.Test_1002 -->
    </test> <!-- 2 -->
  </suite> <!-- Suite Smoke -->
</testng-results>
