<?xml version="1.0" encoding="UTF-8"?>
<!-- Generated by org.testng.reporters.JUnitXMLReporter -->
<testsuite hostname="US-IT01155.local" ignored="0" name="1" tests="3" failures="0" timestamp="2020-03-31T14:17:48 EDT" time="24.936" errors="0">
  <testcase name="googleSearch" time="19.494" classname="neonTests.Test_1001"/>
  <testcase name="validateListofElementsHigherThanZero" time="27.888" classname="neonTests.Test_1003"/>
  <testcase name="validateOpenUrl" time="35.203" classname="neonTests.Test_1002"/>
</testsuite> <!-- 1 -->
